make.exe all --print-data-base --no-builtin-variables --no-builtin-rules --question
make: *** No rule to make target 'all'.  Stop.

# GNU Make 4.2.1
# Built for i686-pc-msys
# Copyright (C) 1988-2016 Free Software Foundation, Inc.
# License GPLv3+: GNU GPL version 3 or later <http://gnu.org/licenses/gpl.html>
# This is free software: you are free to change and redistribute it.
# There is NO WARRANTY, to the extent permitted by law.
 

# Make data base, printed on Thu Sep  1 15:13:48 2022

# Variables

# 'override' directive
GNUMAKEFLAGS := 
# environment
POWERSHELL_DISTRIBUTION_CHANNEL = MSI:Windows 10 Home Single Language
# automatic
?F = $(notdir $?)
# automatic
<D = $(patsubst %/,%,$(dir $<))
# default
.SHELLFLAGS := -c
# makefile
MAKEFLAGS = pqrR
# automatic
?D = $(patsubst %/,%,$(dir $?))
# automatic
@D = $(patsubst %/,%,$(dir $@))
# environment
HOMEDRIVE = C:
# automatic
@F = $(notdir $@)
# automatic
^D = $(patsubst %/,%,$(dir $^))
# makefile
CURDIR := /cygdrive/c/Users/ACER/Downloads/Projects/tutorials/belajar_cpp
# default
SHELL := sh
# environment
WINDIR = C:\WINDOWS
 
# environment
VSCODE_NLS_CONFIG = {"locale":"en-us","availableLanguages":{},"_languagePackSupport":true}
# environment
VBOX_MSI_INSTALL_PATH = C:\Program Files\Oracle\VirtualBox\
# environment
ONEDRIVE = C:\Users\ACER\OneDrive - ユナイテッド・スーパーマーケット・ホールディングス株式会社
# environment
PATHEXT = .COM;.EXE;.BAT;.CMD;.VBS;.VBE;.JS;.JSE;.WSF;.WSH;.MSC
# makefile
MAKEFILE_LIST := 
# environment
FPS_BROWSER_USER_PROFILE_STRING = Default
# environment
TMP = /cygdrive/c/Users/ACER/AppData/Local/Temp
# environment
CLOUDSDK_PYTHON = C:\devtools\bin\python\310\python.exe
# environment
PROGRAMW6432 = C:\Program Files
# environment
PROGRAMDATA = C:\ProgramData
# environment
VSCODE_CWD = C:\devtools\bin\vscode\insiders\Microsoft VS Code Insiders
# default
MAKE_HOST := i686-pc-msys
# environment
PATH = /cygdrive/c/Program Files (x86)/VMware/VMware Workstation/bin:/cygdrive/c/Program Files (x86)/Microsoft SDKs/Azure/CLI2/wbin:/cygdrive/c/Program Files/NVIDIA GPU Computing Toolkit/CUDA/v11.7/bin:/cygdrive/c/Program Files/NVIDIA GPU Computing Toolkit/CUDA/v11.7/libnvvp:/cygdrive/c/devtools/bin/java/17/jre/bin:/cygdrive/c/devtools/bin/java/17/jdk/bin:/Rtools/bin:/cygdrive/c/Windows/system32:/cygdrive/c/Windows:/cygdrive/c/Windows/System32/Wbem:/cygdrive/c/Windows/System32/WindowsPowerShell/v1.0:/cygdrive/c/Windows/System32/OpenSSH:/cygdrive/c/Program Files/NVIDIA Corporation/NVIDIA NvDLISR:/cygdrive/c/devtools/bin/cpp/mingw64/bin:/cygdrive/c/devtools/bin/nodejs/node-v16:/cygdrive/c/ProgramData/chocolatey/bin:/cygdrive/c/devtools/bin/php/php-8.1.6-Win32-vs16-x64:/cygdrive/c/devtools/bin/go/bin:/cygdrive/c/devtools/bin/latex/miktex/bin/x64:/cygdrive/c/Program Files/PuTTY:/cygdrive/c/Program Files/Microsoft SQL Server/Client SDK/ODBC/170/Tools/Binn:/cygdrive/c/Program Files (x86)/Microsoft SQL Server/150/Tools/Binn:/cygdrive/c/Program Files/Microsoft SQL Server/150/Tools/Binn:/cygdrive/c/Program Files/Microsoft SQL Server/150/DTS/Binn:/cygdrive/c/Program Files (x86)/Microsoft SQL Server/150/DTS/Binn:/cygdrive/c/Program Files/Azure Data Studio/bin:/cygdrive/c/Program Files (x86)/NVIDIA Corporation/PhysX/Common:/cygdrive/c/devtools/bin/scala/Coursier/data/bin:/cygdrive/c/Program Files/dotnet:/cygdrive/c/Program Files/Docker/Docker/resources/bin:/cygdrive/c/ProgramData/DockerDesktop/version-bin:/cygdrive/c/WINDOWS/system32:/cygdrive/c/WINDOWS:/cygdrive/c/WINDOWS/System32/Wbem:/cygdrive/c/WINDOWS/System32/WindowsPowerShell/v1.0:/cygdrive/c/WINDOWS/System32/OpenSSH:/cygdrive/c/devtools/bin/dart/bin:/cygdrive/c/devtools/bin/kotlin/bin:/cygdrive/c/devtools/bin/speedtest:/cygdrive/c/Program Files/PowerShell/7:/cygdrive/c/Program Files/Git/cmd:/cygdrive/c/Program Files/Git/mingw64/bin:/cygdrive/c/Program Files/Git/usr/bin:/cygdrive/c/Users/ACER/scoop/shims:/cygdrive/c/devtools/bin:/cygdrive/c/devtools/bin/apache/httpd-2.4.47-win64-VS16/bin:/cygdrive/c/devtools/bin/composer:/cygdrive/c/devtools/bin/git/bin:/cygdrive/c/devtools/bin/git/cmd:/cygdrive/c/devtools/bin/git/mingw64/bin:/cygdrive/c/devtools/bin/git/usr/bin:/cygdrive/c/devtools/bin/java/8/bin:/cygdrive/c/devtools/bin/laragon/utils:/cygdrive/c/devtools/bin/mysql/mysql-5.7.33-winx64/bin:/cygdrive/c/devtools/bin/nginx/nginx-1.19.10:/cygdrive/c/devtools/bin/ngrok:/cygdrive/c/devtools/bin/nodejs/node-v16:/cygdrive/c/devtools/bin/notepad++:/cygdrive/c/devtools/bin/php/php-8.1.6-Win32-vs16-x64:/cygdrive/c/devtools/bin/postgresql/14/bin:/cygdrive/c/devtools/bin/python/310:/cygdrive/c/devtools/bin/python/310/Scripts:/cygdrive/c/devtools/bin/redis/redis-x64-3.2.100:/cygdrive/c/devtools/bin/telnet:/cygdrive/c/devtools/usr/bin:/cygdrive/c/Users/ACER/AppData/Local/Yarn/config/global/node_modules/.bin:/cygdrive/c/Users/ACER/AppData/Roaming/Composer/vendor/bin:/cygdrive/c/Users/ACER/AppData/Roaming/npm:/cygdrive/c/Program Files/MySQL/MySQL Shell 8.0/bin:/cygdrive/c/devtools/bin/rust/.cargo/bin:/cygdrive/c/Users/ACER/AppData/Local/Microsoft/WindowsApps:/cygdrive/c/Users/ACER/AppData/Local/Programs/oh-my-posh/bin:/cygdrive/c/Users/ACER/AppData/Local/GitHubDesktop/bin:/cygdrive/c/Program Files/Azure Data Studio/bin:/cygdrive/c/Users/ACER/AppData/Local/Programs/Fiddler:/cygdrive/c/devtools/bin/vscode/stable/bin:/cygdrive/c/Users/ACER/AppData/Local/Google/Cloud SDK/google-cloud-sdk/bin:/cygdrive/c/Users/ACER/AppData/Local/Coursier/data/bin:/cygdrive/c/devtools/bin/haskell/ghcup/bin:/cygdrive/c/Users/ACER/.dotnet/tools:/cygdrive/c/Users/ACER/AppData/Local/JetBrains/Toolbox/scripts:/cygdrive/c/Users/ACER/.dotnet/tools:/cygdrive/c/Users/ACER/AppData/Local/Microsoft/WindowsApps:/cygdrive/c/devtools/bin/rust/.rustup/toolchains/stable-x86_64-pc-windows-msvc/bin
# environment
COMMONPROGRAMW6432 = C:\Program Files\Common Files
# environment
ZES_ENABLE_SYSMAN = 1
# environment
GHCUP_INSTALL_BASE_PREFIX = C:\devtools\bin\haskell\
# environment
CHOCOLATEYLASTPATHUPDATE = 132988193062646136
# environment
PROCESSOR_ARCHITECTURE = x86
# environment
USERPROFILE = C:\Users\ACER
# environment
CHOCOLATEYINSTALL = C:\ProgramData\chocolatey
# environment
!C: = c:\Users\ACER\Downloads\Projects\tutorials\belajar_cpp
# environment
ALLUSERSPROFILE = C:\ProgramData
# environment
GOPATH = C:\devtools\usr\go
# environment
NUMBER_OF_PROCESSORS = 12
# environment
ELECTRON_RUN_AS_NODE = 1
# default
.FEATURES := target-specific order-only second-expansion else-if shortest-stem undefine oneshell archives jobserver output-sync check-symlink load
# environment
CABAL_DIR = C:\devtools\bin\haskell\cabal
# automatic
%F = $(notdir $%)
# environment
POSH_THEMES_PATH = C:\Users\ACER\AppData\Local\Programs\oh-my-posh\themes
# environment
CHROME_CRASHPAD_PIPE_NAME = \\.\pipe\crashpad_9420_JSUILKTDKPIHFORL
# environment
COMPUTERNAME = LAPTOP-0PFQ0DTT
# environment
PROGRAMFILES = C:\Program Files (x86)
# default
.LOADED := 
# environment
DRIVERDATA = C:\Windows\System32\Drivers\DriverData
# environment
RUSTUP_HOME = C:\devtools\bin\rust\.rustup
# environment
ORIGINAL_XDG_CURRENT_DESKTOP = undefined
# environment
USERNAME = ACER
# environment
PUBLIC = C:\Users\Public
# environment
VSCODE_AMD_ENTRYPOINT = vs/workbench/api/node/extensionHostProcess
# environment
HOME = /home/ACER
# environment
VSCODE_CODE_CACHE_PATH = C:\Users\ACER\AppData\Roaming\Code - Insiders\CachedData\28f604dec81b609dd7e69362585f7a99d4c48f88
# environment
APPLICATION_INSIGHTS_NO_DIAGNOSTIC_CHANNEL = true
# environment
COMMONPROGRAMFILES = C:\Program Files (x86)\Common Files
# environment
LOGONSERVER = \\LAPTOP-0PFQ0DTT
# environment
ONEDRIVECONSUMER = C:\Users\ACER\OneDrive
# environment
VSCODE_HANDLES_UNCAUGHT_ERRORS = true
# environment
USERDOMAIN = LAPTOP-0PFQ0DTT
# environment
MAKELEVEL := 0
# default
MAKE = $(MAKE_COMMAND)
# default
MAKECMDGOALS := all
# environment
JAVA_HOME = C:\devtools\bin\java\8\jdk
# environment
ONEDRIVECOMMERCIAL = C:\Users\ACER\OneDrive - ユナイテッド・スーパーマーケット・ホールディングス株式会社
# default
MAKE_VERSION := 4.2.1
# makefile
.DEFAULT_GOAL := 
# environment
GOROOT = C:\devtools\bin\go\test
# environment
PROGRAMFILES(X86) = C:\Program Files (x86)
# automatic
%D = $(patsubst %/,%,$(dir $%))
# environment
LOCALAPPDATA = C:\Users\ACER\AppData\Local
# environment
PSMODULEPATH = C:\Users\ACER\Documents\WindowsPowerShell\Modules;C:\Users\ACER\AppData\Local\Google\Cloud SDK\google-cloud-sdk\platform\PowerShell
# default
MAKE_COMMAND := make
# environment
PROCESSOR_ARCHITEW6432 = AMD64
# default
.VARIABLES := 
# automatic
*F = $(notdir $*)
# environment
PROCESSOR_IDENTIFIER = Intel64 Family 6 Model 141 Stepping 1, GenuineIntel
# environment
OS = Windows_NT
# environment
VSCODE_IPC_HOOK = \\.\pipe\0f498f16c6a6911aeb54bb0f22a04bd2-1.71.0-insider-main-sock
# environment
HOMEPATH = \Users\ACER
# environment
COMMONPROGRAMFILES(X86) = C:\Program Files (x86)\Common Files
# environment
PROMPT = $P$G
# environment
MFLAGS = -pqrR
# automatic
*D = $(patsubst %/,%,$(dir $*))
# environment
SYSTEMROOT = C:\WINDOWS
# automatic
+D = $(patsubst %/,%,$(dir $+))
# automatic
+F = $(notdir $+)
# environment
APPDATA = C:\Users\ACER\AppData\Roaming
# environment
TEMP = /cygdrive/c/Users/ACER/AppData/Local/Temp
# environment
COMSPEC = C:\WINDOWS\system32\cmd.exe
# default
MAKEFILES := 
# environment
ERLANG_HOME = C:\devtools\bin\erlang\Erlang OTP
# automatic
<F = $(notdir $<)
# environment
LC_ALL = C
# environment
CARGO_HOME = C:\devtools\bin\rust\.cargo
# automatic
^F = $(notdir $^)
# environment
CUDA_PATH = C:\Program Files\NVIDIA GPU Computing Toolkit\CUDA\v11.7
# default
SUFFIXES := 
# environment
SYSTEMDRIVE = C:
# environment
SESSIONNAME = Console
# environment
PROCESSOR_REVISION = 8d01
# default
.RECIPEPREFIX := 
# environment
CUDA_PATH_V11_7 = C:\Program Files\NVIDIA GPU Computing Toolkit\CUDA\v11.7
# environment
LANG = C
# environment
PROCESSOR_LEVEL = 6
# environment
TERM = cygwin
# environment
FPS_BROWSER_APP_PROFILE_STRING = Internet Explorer
# environment
VSCODE_PID = 9420
# environment
USERDOMAIN_ROAMINGPROFILE = LAPTOP-0PFQ0DTT
# variable set hash-table stats:
# Load=110/1024=11%, Rehash=0, Collisions=17/126=13%

# Pattern-specific Variable Values

# No pattern-specific variable values.

# Directories

# . (device -757361203, inode 355946): 196 files, no impossibilities.

# 196 files, no impossibilities in 1 directories.

# Implicit Rules

# No implicit rules.

# Files

# Not a target:
all:
#  Command line target.
#  Implicit rule search has been done.
#  File does not exist.
#  File has not been updated.

# Not a target:
Makefile:
#  Implicit rule search has been done.
#  File does not exist.
#  File has been updated.
#  Failed to be updated.

# Not a target:
makefile:
#  Implicit rule search has been done.
#  File does not exist.
#  File has been updated.
#  Failed to be updated.

# Not a target:
.DEFAULT:
#  Implicit rule search has not been done.
#  Modification time never checked.
#  File has not been updated.

# Not a target:
GNUmakefile:
#  Implicit rule search has been done.
#  File does not exist.
#  File has been updated.
#  Failed to be updated.

# files hash-table stats:
# Load=6/1024=1%, Rehash=0, Collisions=0/15=0%
# VPATH Search Paths

# No 'vpath' search paths.

# No general ('VPATH' variable) search path.

# strcache buffers: 1 (0) / strings = 202 / storage = 2811 B / avg = 13 B
# current buf: size = 8174 B / used = 2811 B / count = 202 / avg = 13 B

# strcache performance: lookups = 204 / hit rate = 0%
# hash-table stats:
# Load=202/8192=2%, Rehash=0, Collisions=11/204=5%
# Finished Make data base on Thu Sep  1 15:13:48 2022

 
